This file contains any messages produced by compilers while
running configure, to aid debugging if configure makes a mistake.

It was created by configure, which was
generated by GNU Autoconf 2.69.  Invocation command line was

  $ ./configure 

## --------- ##
## Platform. ##
## --------- ##

hostname = ubuntu
uname -m = i686
uname -r = 2.6.32-33-generic
uname -s = Linux
uname -v = #72-Ubuntu SMP Fri Jul 29 21:08:37 UTC 2011

/usr/bin/uname -p = unknown
/bin/uname -X     = unknown

/bin/arch              = unknown
/usr/bin/arch -k       = unknown
/usr/convex/getsysinfo = unknown
/usr/bin/hostinfo      = unknown
/bin/machine           = unknown
/usr/bin/oslevel       = unknown
/bin/universe          = unknown

PATH: /usr/local/sbin
PATH: /usr/local/bin
PATH: /usr/sbin
PATH: /usr/bin
PATH: /sbin
PATH: /bin
PATH: /usr/games


## ----------- ##
## Core tests. ##
## ----------- ##

configure:2256: checking for gcc
configure:2272: found /usr/bin/gcc
configure:2283: result: gcc
configure:2512: checking for C compiler version
configure:2521: gcc --version >&5
gcc (Ubuntu 4.4.3-4ubuntu5.1) 4.4.3
Copyright (C) 2009 Free Software Foundation, Inc.
This is free software; see the source for copying conditions.  There is NO
warranty; not even for MERCHANTABILITY or FITNESS FOR A PARTICULAR PURPOSE.

configure:2532: $? = 0
configure:2521: gcc -v >&5
Using built-in specs.
Target: i486-linux-gnu
Configured with: ../src/configure -v --with-pkgversion='Ubuntu 4.4.3-4ubuntu5.1' --with-bugurl=file:///usr/share/doc/gcc-4.4/README.Bugs --enable-languages=c,c++,fortran,objc,obj-c++ --prefix=/usr --enable-shared --enable-multiarch --enable-linker-build-id --with-system-zlib --libexecdir=/usr/lib --without-included-gettext --enable-threads=posix --with-gxx-include-dir=/usr/include/c++/4.4 --program-suffix=-4.4 --enable-nls --enable-clocale=gnu --enable-libstdcxx-debug --enable-plugin --enable-objc-gc --enable-targets=all --disable-werror --with-arch-32=i486 --with-tune=generic --enable-checking=release --build=i486-linux-gnu --host=i486-linux-gnu --target=i486-linux-gnu
Thread model: posix
gcc version 4.4.3 (Ubuntu 4.4.3-4ubuntu5.1) 
configure:2532: $? = 0
configure:2521: gcc -V >&5
gcc: '-V' option must have argument
configure:2532: $? = 1
configure:2521: gcc -qversion >&5
gcc: unrecognized option '-qversion'
gcc: no input files
configure:2532: $? = 1
configure:2552: checking whether the C compiler works
configure:2574: gcc    conftest.c  >&5
configure:2578: $? = 0
configure:2626: result: yes
configure:2629: checking for C compiler default output file name
configure:2631: result: a.out
configure:2637: checking for suffix of executables
configure:2644: gcc -o conftest    conftest.c  >&5
configure:2648: $? = 0
configure:2670: result: 
configure:2692: checking whether we are cross compiling
configure:2700: gcc -o conftest    conftest.c  >&5
configure:2704: $? = 0
configure:2711: ./conftest
configure:2715: $? = 0
configure:2730: result: no
configure:2735: checking for suffix of object files
configure:2757: gcc -c   conftest.c >&5
configure:2761: $? = 0
configure:2782: result: o
configure:2786: checking whether we are using the GNU C compiler
configure:2805: gcc -c   conftest.c >&5
configure:2805: $? = 0
configure:2814: result: yes
configure:2823: checking whether gcc accepts -g
configure:2843: gcc -c -g  conftest.c >&5
configure:2843: $? = 0
configure:2884: result: yes
configure:2901: checking for gcc option to accept ISO C89
configure:2964: gcc  -c -g -O2  conftest.c >&5
configure:2964: $? = 0
configure:2977: result: none needed
configure:3041: checking for a BSD-compatible install
configure:3109: result: /usr/bin/install -c
configure:3128: checking build system type
configure:3142: result: i686-pc-linux-gnu
configure:3162: checking host system type
configure:3175: result: i686-pc-linux-gnu
configure:3195: checking target system type
configure:3208: result: i686-pc-linux-gnu
configure:3270: checking for msvc cl.exe (optional)
configure:3286: result: not found
configure:3310: checking ocaml version is at least 3.08
configure:3327: result: version is 4.00.0, ok
configure:3336: WARNING: Your ocaml version is 4.00.0, but the latest version this program
                   is known to work with is 3.12.  If you have
                   trouble compiling, please try using an earlier version
                   or see if there is a later version of this program.
configure:3351: checking existence of related ocaml tools
configure:3357: result: ok
configure:3369: checking availability of native ocaml tools versions
configure:3377: result: ok
configure:3401: checking for Perl
configure:3449: result: found version 5.010001, port linux
configure:3518: checking for gcc version
configure:3526: checking how to run the C preprocessor
configure:3557: gcc -E  conftest.c
configure:3557: $? = 0
configure:3571: gcc -E  conftest.c
conftest.c:9:28: error: ac_nonexistent.h: No such file or directory
configure:3571: $? = 1
configure: failed program was:
| /* confdefs.h */
| #define PACKAGE_NAME ""
| #define PACKAGE_TARNAME ""
| #define PACKAGE_VERSION ""
| #define PACKAGE_STRING ""
| #define PACKAGE_BUGREPORT ""
| #define PACKAGE_URL ""
| /* end confdefs.h.  */
| #include <ac_nonexistent.h>
configure:3596: result: gcc -E
configure:3616: gcc -E  conftest.c
configure:3616: $? = 0
configure:3630: gcc -E  conftest.c
conftest.c:9:28: error: ac_nonexistent.h: No such file or directory
configure:3630: $? = 1
configure: failed program was:
| /* confdefs.h */
| #define PACKAGE_NAME ""
| #define PACKAGE_TARNAME ""
| #define PACKAGE_VERSION ""
| #define PACKAGE_STRING ""
| #define PACKAGE_BUGREPORT ""
| #define PACKAGE_URL ""
| /* end confdefs.h.  */
| #include <ac_nonexistent.h>
configure:3659: checking for grep that handles long lines and -e
configure:3717: result: /bin/grep
configure:3722: checking for egrep
configure:3784: result: /bin/grep -E
configure:3789: checking for ANSI C header files
configure:3809: gcc -c -g -O2  conftest.c >&5
configure:3809: $? = 0
configure:3882: gcc -o conftest -g -O2   conftest.c  >&5
configure:3882: $? = 0
configure:3882: ./conftest
configure:3882: $? = 0
configure:3893: result: yes
configure:3906: checking for sys/types.h
configure:3906: gcc -c -g -O2  conftest.c >&5
configure:3906: $? = 0
configure:3906: result: yes
configure:3906: checking for sys/stat.h
configure:3906: gcc -c -g -O2  conftest.c >&5
configure:3906: $? = 0
configure:3906: result: yes
configure:3906: checking for stdlib.h
configure:3906: gcc -c -g -O2  conftest.c >&5
configure:3906: $? = 0
configure:3906: result: yes
configure:3906: checking for string.h
configure:3906: gcc -c -g -O2  conftest.c >&5
configure:3906: $? = 0
configure:3906: result: yes
configure:3906: checking for memory.h
configure:3906: gcc -c -g -O2  conftest.c >&5
configure:3906: $? = 0
configure:3906: result: yes
configure:3906: checking for strings.h
configure:3906: gcc -c -g -O2  conftest.c >&5
configure:3906: $? = 0
configure:3906: result: yes
configure:3906: checking for inttypes.h
configure:3906: gcc -c -g -O2  conftest.c >&5
configure:3906: $? = 0
configure:3906: result: yes
configure:3906: checking for stdint.h
configure:3906: gcc -c -g -O2  conftest.c >&5
configure:3906: $? = 0
configure:3906: result: yes
configure:3906: checking for unistd.h
configure:3906: gcc -c -g -O2  conftest.c >&5
configure:3906: $? = 0
configure:3906: result: yes
configure:3918: checking for __builtin_va_list
configure:3918: gcc -c -g -O2  conftest.c >&5
configure:3918: $? = 0
configure:3918: gcc -c -g -O2  conftest.c >&5
conftest.c: In function 'main':
conftest.c:55: error: expected expression before ')' token
configure:3918: $? = 1
configure: failed program was:
| /* confdefs.h */
| #define PACKAGE_NAME ""
| #define PACKAGE_TARNAME ""
| #define PACKAGE_VERSION ""
| #define PACKAGE_STRING ""
| #define PACKAGE_BUGREPORT ""
| #define PACKAGE_URL ""
| #define STDC_HEADERS 1
| #define HAVE_SYS_TYPES_H 1
| #define HAVE_SYS_STAT_H 1
| #define HAVE_STDLIB_H 1
| #define HAVE_STRING_H 1
| #define HAVE_MEMORY_H 1
| #define HAVE_STRINGS_H 1
| #define HAVE_INTTYPES_H 1
| #define HAVE_STDINT_H 1
| #define HAVE_UNISTD_H 1
| /* end confdefs.h.  */
| #include <stdio.h>
| #ifdef HAVE_SYS_TYPES_H
| # include <sys/types.h>
| #endif
| #ifdef HAVE_SYS_STAT_H
| # include <sys/stat.h>
| #endif
| #ifdef STDC_HEADERS
| # include <stdlib.h>
| # include <stddef.h>
| #else
| # ifdef HAVE_STDLIB_H
| #  include <stdlib.h>
| # endif
| #endif
| #ifdef HAVE_STRING_H
| # if !defined STDC_HEADERS && defined HAVE_MEMORY_H
| #  include <memory.h>
| # endif
| # include <string.h>
| #endif
| #ifdef HAVE_STRINGS_H
| # include <strings.h>
| #endif
| #ifdef HAVE_INTTYPES_H
| # include <inttypes.h>
| #endif
| #ifdef HAVE_STDINT_H
| # include <stdint.h>
| #endif
| #ifdef HAVE_UNISTD_H
| # include <unistd.h>
| #endif
| int
| main ()
| {
| if (sizeof ((__builtin_va_list)))
| 	    return 0;
|   ;
|   return 0;
| }
configure:3918: result: yes
configure:3925: checking if __thread is a keyword
configure:3931: gcc -c -g -O2  conftest.c >&5
conftest.c:19: error: storage class specified for parameter 'type name'
conftest.c: In function 'main':
conftest.c:19: error: parameter name omitted
configure:3931: $? = 1
configure: failed program was:
| /* confdefs.h */
| #define PACKAGE_NAME ""
| #define PACKAGE_TARNAME ""
| #define PACKAGE_VERSION ""
| #define PACKAGE_STRING ""
| #define PACKAGE_BUGREPORT ""
| #define PACKAGE_URL ""
| #define STDC_HEADERS 1
| #define HAVE_SYS_TYPES_H 1
| #define HAVE_SYS_STAT_H 1
| #define HAVE_STDLIB_H 1
| #define HAVE_STRING_H 1
| #define HAVE_MEMORY_H 1
| #define HAVE_STRINGS_H 1
| #define HAVE_INTTYPES_H 1
| #define HAVE_STDINT_H 1
| #define HAVE_UNISTD_H 1
| /* end confdefs.h.  */
| int main(int __thread) { return 0; }
configure:3937: result: true
configure:3942: checking if gcc adds underscores to assembly labels.
configure:3948: gcc -o conftest -g -O2   conftest.c  >&5
/tmp/ccCVcwNh.o: In function `main':
/home/yufeijiang/Desktop/cil/conftest.c:19: undefined reference to `_main'
collect2: ld returned 1 exit status
configure:3948: $? = 1
configure: failed program was:
| /* confdefs.h */
| #define PACKAGE_NAME ""
| #define PACKAGE_TARNAME ""
| #define PACKAGE_VERSION ""
| #define PACKAGE_STRING ""
| #define PACKAGE_BUGREPORT ""
| #define PACKAGE_URL ""
| #define STDC_HEADERS 1
| #define HAVE_SYS_TYPES_H 1
| #define HAVE_SYS_STAT_H 1
| #define HAVE_STDLIB_H 1
| #define HAVE_STRING_H 1
| #define HAVE_MEMORY_H 1
| #define HAVE_STRINGS_H 1
| #define HAVE_INTTYPES_H 1
| #define HAVE_STDINT_H 1
| #define HAVE_UNISTD_H 1
| /* end confdefs.h.  */
| int main() { __asm__("jmp _main"); }
configure:3955: result: false
configure:3963: checking for ANSI C header files
configure:4067: result: yes
configure:4078: checking for stdlib.h
configure:4078: result: yes
configure:4078: checking for strings.h
configure:4078: result: yes
configure:4078: checking sys/time.h usability
configure:4078: gcc -c -g -O2  conftest.c >&5
configure:4078: $? = 0
configure:4078: result: yes
configure:4078: checking sys/time.h presence
configure:4078: gcc -E  conftest.c
configure:4078: $? = 0
configure:4078: result: yes
configure:4078: checking for sys/time.h
configure:4078: result: yes
configure:4078: checking for unistd.h
configure:4078: result: yes
configure:4078: checking wchar.h usability
configure:4078: gcc -c -g -O2  conftest.c >&5
configure:4078: $? = 0
configure:4078: result: yes
configure:4078: checking wchar.h presence
configure:4078: gcc -E  conftest.c
configure:4078: $? = 0
configure:4078: result: yes
configure:4078: checking for wchar.h
configure:4078: result: yes
configure:4078: checking stdbool.h usability
configure:4078: gcc -c -g -O2  conftest.c >&5
configure:4078: $? = 0
configure:4078: result: yes
configure:4078: checking stdbool.h presence
configure:4078: gcc -E  conftest.c
configure:4078: $? = 0
configure:4078: result: yes
configure:4078: checking for stdbool.h
configure:4078: result: yes
configure:4090: checking for an ANSI C-conforming const
configure:4156: gcc -c -g -O2  conftest.c >&5
configure:4156: $? = 0
configure:4163: result: yes
configure:4171: checking for inline
configure:4187: gcc -c -g -O2  conftest.c >&5
configure:4187: $? = 0
configure:4195: result: inline
configure:4213: checking whether time.h and sys/time.h may both be included
configure:4233: gcc -c -g -O2  conftest.c >&5
configure:4233: $? = 0
configure:4240: result: yes
configure:4250: checking for working memcmp
configure:4293: gcc -o conftest -g -O2   conftest.c  >&5
configure:4293: $? = 0
configure:4293: ./conftest
configure:4293: $? = 0
configure:4303: result: yes
configure:4315: checking for mkdir
configure:4315: gcc -o conftest -g -O2   conftest.c  >&5
configure:4315: $? = 0
configure:4315: result: yes
configure:4315: checking for select
configure:4315: gcc -o conftest -g -O2   conftest.c  >&5
configure:4315: $? = 0
configure:4315: result: yes
configure:4315: checking for socket
configure:4315: gcc -o conftest -g -O2   conftest.c  >&5
configure:4315: $? = 0
configure:4315: result: yes
configure:4315: checking for __sysv_signal
configure:4315: gcc -o conftest -g -O2   conftest.c  >&5
configure:4315: $? = 0
configure:4315: result: yes
configure:4327: checking for real definition of size_t
configure:4344: gcc -c -g -O2  conftest.c >&5
conftest.c:38: error: conflicting types for 'foo'
conftest.c:37: note: previous declaration of 'foo' was here
configure:4344: $? = 1
configure: failed program was:
| /* confdefs.h */
| #define PACKAGE_NAME ""
| #define PACKAGE_TARNAME ""
| #define PACKAGE_VERSION ""
| #define PACKAGE_STRING ""
| #define PACKAGE_BUGREPORT ""
| #define PACKAGE_URL ""
| #define STDC_HEADERS 1
| #define HAVE_SYS_TYPES_H 1
| #define HAVE_SYS_STAT_H 1
| #define HAVE_STDLIB_H 1
| #define HAVE_STRING_H 1
| #define HAVE_MEMORY_H 1
| #define HAVE_STRINGS_H 1
| #define HAVE_INTTYPES_H 1
| #define HAVE_STDINT_H 1
| #define HAVE_UNISTD_H 1
| #define STDC_HEADERS 1
| #define HAVE_STDLIB_H 1
| #define HAVE_STRINGS_H 1
| #define HAVE_SYS_TIME_H 1
| #define HAVE_UNISTD_H 1
| #define HAVE_WCHAR_H 1
| #define HAVE_STDBOOL_H 1
| #define TIME_WITH_SYS_TIME 1
| #define HAVE_MKDIR 1
| #define HAVE_SELECT 1
| #define HAVE_SOCKET 1
| #define HAVE___SYSV_SIGNAL 1
| /* end confdefs.h.  */
| 
| #include <stddef.h>
| #include <wchar.h>
| /* We define a prototype with one type and the function with
|    another type.  This will result in compilation error
|    unless the types are really identical. */
| int foo(int x);
| size_t foo(size_t x) { return x; }
configure:4363: gcc -c -g -O2  conftest.c >&5
configure:4363: $? = 0
configure:4498: result: unsigned int
configure:4502: checking for real definition of wchar_t
configure:4519: gcc -c -g -O2  conftest.c >&5
configure:4519: $? = 0
configure:4673: result: int
configure:4683: result: configuring for linux/x86
configure:4895: checking obj/x86_LINUX and related files
configure:4905: result: done
configure:4956: checking whether to use CIL feature blockinggraph
configure:4963: result: no
configure:4956: checking whether to use CIL feature zrapp
configure:4963: result: no
configure:4956: checking whether to use CIL feature llvm
configure:4963: result: no
configure:5216: creating ./config.status

## ---------------------- ##
## Running config.status. ##
## ---------------------- ##

This file was extended by config.status, which was
generated by GNU Autoconf 2.69.  Invocation command line was

  CONFIG_FILES    = 
  CONFIG_HEADERS  = 
  CONFIG_LINKS    = 
  CONFIG_COMMANDS = 
  $ ./config.status 

on ubuntu

config.status:856: creating Makefile
config.status:856: creating META
config.status:856: creating config.mk
config.status:856: creating bin/cilly.bat
config.status:856: creating bin/patcher.bat
config.status:856: creating bin/CilConfig.pm
config.status:856: creating doc/index.html
config.status:856: creating doc/header.html
config.status:856: creating test/llvm/Makefile
config.status:856: creating src/machdep-ml.c
config.status:856: creating config.h
config.status:1031: config.h is unchanged

## ---------------- ##
## Cache variables. ##
## ---------------- ##

ac_cv_build=i686-pc-linux-gnu
ac_cv_c_compiler_gnu=yes
ac_cv_c_const=yes
ac_cv_c_inline=inline
ac_cv_env_CC_set=
ac_cv_env_CC_value=
ac_cv_env_CFLAGS_set=
ac_cv_env_CFLAGS_value=
ac_cv_env_CPPFLAGS_set=
ac_cv_env_CPPFLAGS_value=
ac_cv_env_CPP_set=
ac_cv_env_CPP_value=
ac_cv_env_LDFLAGS_set=
ac_cv_env_LDFLAGS_value=
ac_cv_env_LIBS_set=
ac_cv_env_LIBS_value=
ac_cv_env_build_alias_set=
ac_cv_env_build_alias_value=
ac_cv_env_host_alias_set=
ac_cv_env_host_alias_value=
ac_cv_env_target_alias_set=
ac_cv_env_target_alias_value=
ac_cv_func___sysv_signal=yes
ac_cv_func_memcmp_working=yes
ac_cv_func_mkdir=yes
ac_cv_func_select=yes
ac_cv_func_socket=yes
ac_cv_header_inttypes_h=yes
ac_cv_header_memory_h=yes
ac_cv_header_stdbool_h=yes
ac_cv_header_stdc=yes
ac_cv_header_stdint_h=yes
ac_cv_header_stdlib_h=yes
ac_cv_header_string_h=yes
ac_cv_header_strings_h=yes
ac_cv_header_sys_stat_h=yes
ac_cv_header_sys_time_h=yes
ac_cv_header_sys_types_h=yes
ac_cv_header_time=yes
ac_cv_header_unistd_h=yes
ac_cv_header_wchar_h=yes
ac_cv_host=i686-pc-linux-gnu
ac_cv_objext=o
ac_cv_path_EGREP='/bin/grep -E'
ac_cv_path_GREP=/bin/grep
ac_cv_path_install='/usr/bin/install -c'
ac_cv_prog_CPP='gcc -E'
ac_cv_prog_ac_ct_CC=gcc
ac_cv_prog_cc_c89=
ac_cv_prog_cc_g=yes
ac_cv_target=i686-pc-linux-gnu
ac_cv_type___builtin_va_list=yes

## ----------------- ##
## Output variables. ##
## ----------------- ##

ARCHOS='x86_LINUX'
CC='gcc'
CFLAGS='-g -O2'
CILHOME='/home/yufeijiang/Desktop/cil'
CIL_VERSION='1.5.1'
CIL_VERSION_MAJOR='1'
CIL_VERSION_MINOR='5'
CIL_VERSION_REV='1'
CPP='gcc -E'
CPPFLAGS=''
CYCLES_PER_USEC=''
DEFAULT_CIL_MODE='GNUCC'
DEFAULT_COMPILER='_GNUCC'
DEFS='-DHAVE_CONFIG_H'
ECHO_C=''
ECHO_N='-n'
ECHO_T=''
EGREP='/bin/grep -E'
EMUL=''
EXEEXT=''
EXTRAFEATURES=''
EXTRASRCDIRS=''
FLEXLINK=''
GREP='/bin/grep'
HAS_MSVC='no'
HAS_OCAML_NATIVE_TOOLS='1'
HAVE_BUILTIN_VA_LIST='true'
INSTALL_DATA='${INSTALL} -m 644'
INSTALL_PROGRAM='${INSTALL}'
INSTALL_SCRIPT='${INSTALL}'
LDFLAGS=''
LIBOBJS=''
LIBS=''
LTLIBOBJS=''
MINGW=''
OBJEXT='o'
PACKAGE_BUGREPORT=''
PACKAGE_NAME=''
PACKAGE_STRING=''
PACKAGE_TARNAME=''
PACKAGE_URL=''
PACKAGE_VERSION=''
PATH_SEPARATOR=':'
SHELL='/bin/bash'
THREAD_IS_KEYWORD='true'
UNDERSCORE_NAME='false'
ac_ct_CC='gcc'
bindir='${exec_prefix}/bin'
build='i686-pc-linux-gnu'
build_alias=''
build_cpu='i686'
build_os='linux-gnu'
build_vendor='pc'
datadir='${datarootdir}'
datarootdir='${prefix}/share'
docdir='${datarootdir}/doc/${PACKAGE}'
dvidir='${docdir}'
exec_prefix='${prefix}'
host='i686-pc-linux-gnu'
host_alias=''
host_cpu='i686'
host_os='linux-gnu'
host_vendor='pc'
htmldir='${docdir}'
includedir='${prefix}/include'
infodir='${datarootdir}/info'
libdir='${exec_prefix}/lib'
libexecdir='${exec_prefix}/libexec'
localedir='${datarootdir}/locale'
localstatedir='${prefix}/var'
mandir='${datarootdir}/man'
oldincludedir='/usr/include'
pdfdir='${docdir}'
prefix='/usr/local'
program_transform_name='s,x,x,'
psdir='${docdir}'
sbindir='${exec_prefix}/sbin'
sharedstatedir='${prefix}/com'
sysconfdir='${prefix}/etc'
target='i686-pc-linux-gnu'
target_alias=''
target_cpu='i686'
target_os='linux-gnu'
target_vendor='pc'

## ----------- ##
## confdefs.h. ##
## ----------- ##

/* confdefs.h */
#define PACKAGE_NAME ""
#define PACKAGE_TARNAME ""
#define PACKAGE_VERSION ""
#define PACKAGE_STRING ""
#define PACKAGE_BUGREPORT ""
#define PACKAGE_URL ""
#define STDC_HEADERS 1
#define HAVE_SYS_TYPES_H 1
#define HAVE_SYS_STAT_H 1
#define HAVE_STDLIB_H 1
#define HAVE_STRING_H 1
#define HAVE_MEMORY_H 1
#define HAVE_STRINGS_H 1
#define HAVE_INTTYPES_H 1
#define HAVE_STDINT_H 1
#define HAVE_UNISTD_H 1
#define STDC_HEADERS 1
#define HAVE_STDLIB_H 1
#define HAVE_STRINGS_H 1
#define HAVE_SYS_TIME_H 1
#define HAVE_UNISTD_H 1
#define HAVE_WCHAR_H 1
#define HAVE_STDBOOL_H 1
#define TIME_WITH_SYS_TIME 1
#define HAVE_MKDIR 1
#define HAVE_SELECT 1
#define HAVE_SOCKET 1
#define HAVE___SYSV_SIGNAL 1
#define TYPE_SIZE_T "unsigned int"
#define TYPE_WCHAR_T "int"

configure: exit 0

## ---------------------- ##
## Running config.status. ##
## ---------------------- ##

This file was extended by config.status, which was
generated by GNU Autoconf 2.69.  Invocation command line was

  CONFIG_FILES    = 
  CONFIG_HEADERS  = 
  CONFIG_LINKS    = 
  CONFIG_COMMANDS = 
  $ ./config.status --file=obj/x86_LINUX/cilversion.ml:src/cilversion.ml.in

on ubuntu

config.status:856: creating obj/x86_LINUX/cilversion.ml
